Compiling ./contracts/EthereumFinchainCourse.sol...
Compiling ./contracts/Migrations.sol...
Compiling zeppelin-solidity/contracts/math/SafeMath.sol...
Compiling zeppelin-solidity/contracts/token/ERC20/BasicToken.sol...
Compiling zeppelin-solidity/contracts/token/ERC20/DetailedERC20.sol...
Compiling zeppelin-solidity/contracts/token/ERC20/ERC20.sol...
Compiling zeppelin-solidity/contracts/token/ERC20/ERC20Basic.sol...
Compiling zeppelin-solidity/contracts/token/ERC20/StandardToken.sol...
Writing artifacts to ./build/contracts

Using network 'ropsten'.

Running migration: 1_initial_migration.js
  Deploying Migrations...
  ... 0x709ca3bdbe369b5ac172ab8f078a0e85ecf9eeeadbba12d023cab7981a72adb3
  Migrations: 0x9eb93a5c928195685a0f9368ded28460187be634
Saving successful migration to network...
  ... 0x8b55831ddeb6cd2f61a6936a52868519770780d028d2a8f4e951aa0ca68e2af4
Saving artifacts...
Running migration: 2_ethereum_finchain_course.js
  Deploying EthereumFinchainCourse...
  ... 0xc3470148fb55f49ab87b13d73be8af50f39c87d26a60eb282229eedb229d12f3
  EthereumFinchainCourse: 0xd14acb096a18fdf6915d21906f3926ba44bba1e3
Saving successful migration to network...
  ... 0x48b112e7e4e608557a06dfba81fbcd8b48e7bf48d8d326043c8cc85f78709af8
Saving artifacts...
